<?xml version="1.0" encoding="UTF-8"?>
<!-- Generated by org.testng.reporters.JUnitReportReporter -->
<testsuite hostname="Abdou_Rahmane" failures="0" tests="1" name="PoleEmploiTNG" time="9.047" errors="0" timestamp="2021-06-19T23:44:45 CEST" skipped="0">
  <testcase classname="PoleEmploiTNG" name="testGouv" time="9.047"/>
  <system-out/>
</testsuite> <!-- PoleEmploiTNG -->
